<?xml version="1.0" encoding="UTF-8"?>
<!-- Generated by org.testng.reporters.JUnitXMLReporter -->
<testsuite hostname="WELCOME" name="Default test" tests="3" failures="0" timestamp="15 May 2016 22:11:30 GMT" time="0.078" errors="0">
  <testcase name="Search" time="0.016" classname="SeleniumTests.Class2"/>
  <testcase name="AdvancedSearch" time="0.016" classname="SeleniumTests.Class2"/>
  <testcase name="ReplaceValue" time="0.0" classname="SeleniumTests.Class2"/>
</testsuite> <!-- Default test -->
